2025-04-21 19:49:00,694 - Main - INFO - Starting scan for https://www.hackthissite.org/ (mode: fast)
2025-04-21 19:49:00,694 - Crawler - INFO - Crawling: https://hackthissite.org/
2025-04-21 19:49:02,141 - Crawler - INFO - Crawling: https://hackthissite.org
2025-04-21 19:49:03,304 - Crawler - INFO - Crawling: https://irc.hackthissite.org/chat
2025-04-21 19:49:04,916 - Crawler - INFO - Crawling: https://hackthissite.org/discord
2025-04-21 19:49:06,511 - Crawler - INFO - Crawling: https://hackthissite.org/forums
2025-04-21 19:49:07,765 - Crawler - INFO - Crawling: https://cafepress.com/htsstore
2025-04-21 19:49:09,652 - Crawler - INFO - Crawling: https://hts.io
2025-04-21 19:49:10,936 - Crawler - INFO - Crawling: https://cryptopaste.org
2025-04-21 19:49:30,953 - Crawler - ERROR - Error processing https://cryptopaste.org: HTTPSConnectionPool(host='cryptopaste.org', port=443): Max retries exceeded with url: / (Caused by ConnectTimeoutError(<urllib3.connection.HTTPSConnection object at 0x000002665F8D5BD0>, 'Connection to cryptopaste.org timed out. (connect timeout=10)'))
2025-04-21 19:49:31,954 - Crawler - INFO - Crawling: https://facebook.com/hackthissite.org
2025-04-21 19:49:32,008 - Crawler - ERROR - Error processing https://facebook.com/hackthissite.org: ('Connection aborted.', ConnectionResetError(10054, 'An existing connection was forcibly closed by the remote host', None, 10054, None))
2025-04-21 19:49:33,009 - Crawler - INFO - Crawling: https://twitter.com/hackthissite
2025-04-21 19:49:33,062 - Crawler - ERROR - Error processing https://twitter.com/hackthissite: ('Connection aborted.', ConnectionResetError(10054, 'An existing connection was forcibly closed by the remote host', None, 10054, None))
2025-04-21 19:49:34,062 - Crawler - INFO - Crawling: https://github.com/hackthissite
2025-04-21 19:49:35,746 - Crawler - INFO - Crawling: https://hackthissite.org/advertise
2025-04-21 19:49:37,624 - Crawler - INFO - Crawling: https://hackthissite.org/user/login
2025-04-21 19:49:38,879 - Crawler - INFO - Crawling: https://hackthissite.org/register
2025-04-21 19:49:40,165 - Crawler - INFO - Crawling: https://hackthissite.org/user/resetpass
2025-04-21 19:49:41,417 - Crawler - INFO - Crawling: https://hackthissite.org/user/forgotusername
2025-04-21 19:49:42,674 - Crawler - INFO - Crawling: https://hackthissite.org/donate/
2025-04-21 19:49:43,933 - Crawler - INFO - Crawling: https://hackthissite.org/missions/basic/
2025-04-21 19:49:45,183 - Crawler - INFO - Crawling: https://hackthissite.org/missions/realistic/
2025-04-21 19:49:46,437 - Crawler - INFO - Crawling: https://hackthissite.org/missions/application/
2025-04-21 19:49:47,703 - Scanner - INFO - Running XSS scanner...
2025-04-21 19:49:47,703 - Scanner - ERROR - xss scanner failed: 'list' object has no attribute 'items'
2025-04-21 19:49:47,703 - Scanner - INFO - Running SQLI scanner...
